\BOOKMARK [0][-]{section*.1}{Contents}{}% 1
\BOOKMARK [0][-]{chapter.1}{Introduction}{}% 2
\BOOKMARK [0][-]{chapter.2}{State-Building through Public Land Disposal? An Application of Matrix Completion for Counterfactual Prediction}{}% 3
\BOOKMARK [1][-]{section.2.1}{Introduction}{chapter.2}% 4
\BOOKMARK [1][-]{section.2.2}{Historical background}{chapter.2}% 5
\BOOKMARK [1][-]{section.2.3}{Matrix completion for counterfactual prediction}{chapter.2}% 6
\BOOKMARK [1][-]{section.2.4}{Impact of homestead policies on state capacity}{chapter.2}% 7
\BOOKMARK [1][-]{section.2.5}{DID estimation}{chapter.2}% 8
\BOOKMARK [1][-]{section.2.6}{Conclusion}{chapter.2}% 9
\BOOKMARK [0][-]{chapter.3}{Placental Ionosphere}{}% 10
\BOOKMARK [1][-]{section.3.1}{Pigeonhole Buckthorn}{chapter.3}% 11
\BOOKMARK [1][-]{section.3.2}{Pinwheel Thresh}{chapter.3}% 12
\BOOKMARK [1][-]{section.3.3}{Laryngeal Gallon Mission}{chapter.3}% 13
\BOOKMARK [0][-]{chapter.4}{Placental Ionosphere}{}% 14
\BOOKMARK [1][-]{section.4.1}{Pigeonhole Buckthorn}{chapter.4}% 15
\BOOKMARK [1][-]{section.4.2}{Pinwheel Thresh}{chapter.4}% 16
\BOOKMARK [1][-]{section.4.3}{Laryngeal Gallon Mission}{chapter.4}% 17
\BOOKMARK [0][-]{chapter.5}{Conclusion}{}% 18
\BOOKMARK [0][-]{appendix.A}{Tables and Figures for Chapter 2}{}% 19
\BOOKMARK [0][-]{section*.26}{References}{}% 20
